  [1m[36m (63.8ms)[0m  [1mCREATE TABLE "schema_migrations" ("version" varchar(255) NOT NULL) [0m
  [1m[35m (63.7ms)[0m  CREATE UNIQUE INDEX "unique_schema_migrations" ON "schema_migrations" ("version")
  [1m[36mActiveRecord::SchemaMigration Load (0.1ms)[0m  [1mSELECT "schema_migrations".* FROM "schema_migrations"[0m
Migrating to DeviseCreateUsers (20130820160557)
  [1m[35m (0.1ms)[0m  begin transaction
  [1m[36m (4.6ms)[0m  [1mCREATE TABLE "users" ("id" INTEGER PRIMARY KEY AUTOINCREMENT NOT NULL, "email" varchar(255) DEFAULT '' NOT NULL, "encrypted_password" varchar(255) DEFAULT '' NOT NULL, "reset_password_token" varchar(255), "reset_password_sent_at" datetime, "remember_created_at" datetime, "sign_in_count" integer DEFAULT 0, "current_sign_in_at" datetime, "last_sign_in_at" datetime, "current_sign_in_ip" varchar(255), "last_sign_in_ip" varchar(255), "created_at" datetime, "updated_at" datetime) [0m
  [1m[35m (42.0ms)[0m  CREATE UNIQUE INDEX "index_users_on_email" ON "users" ("email")
  [1m[36m (0.3ms)[0m  [1mCREATE UNIQUE INDEX "index_users_on_reset_password_token" ON "users" ("reset_password_token")[0m
  [1m[35mSQL (2.1ms)[0m  INSERT INTO "schema_migrations" ("version") VALUES (?)  [["version", "20130820160557"]]
  [1m[36m (25.1ms)[0m  [1mcommit transaction[0m
  [1m[35mActiveRecord::SchemaMigration Load (0.2ms)[0m  SELECT "schema_migrations".* FROM "schema_migrations"
  [1m[36mActiveRecord::SchemaMigration Load (0.2ms)[0m  [1mSELECT "schema_migrations".* FROM "schema_migrations"[0m
  [1m[35mActiveRecord::SchemaMigration Load (0.2ms)[0m  SELECT "schema_migrations".* FROM "schema_migrations"
Migrating to DeviseCreateUsers (20130820160557)
  [1m[36m (0.1ms)[0m  [1mbegin transaction[0m
  [1m[35m (60.6ms)[0m  DROP INDEX "index_users_on_reset_password_token"
  [1m[36m (0.4ms)[0m  [1mDROP INDEX "index_users_on_email"[0m
  [1m[35m (2.3ms)[0m  DROP TABLE "users"
  [1m[36mSQL (0.4ms)[0m  [1mDELETE FROM "schema_migrations" WHERE "schema_migrations"."version" = '20130820160557'[0m
  [1m[35m (25.8ms)[0m  commit transaction
  [1m[36mActiveRecord::SchemaMigration Load (0.2ms)[0m  [1mSELECT "schema_migrations".* FROM "schema_migrations"[0m
  [1m[36mActiveRecord::SchemaMigration Load (0.2ms)[0m  [1mSELECT "schema_migrations".* FROM "schema_migrations"[0m
Migrating to DeviseCreateUsers (20130820160557)
  [1m[35m (0.2ms)[0m  begin transaction
  [1m[36m (21.7ms)[0m  [1mCREATE TABLE "users" ("id" INTEGER PRIMARY KEY AUTOINCREMENT NOT NULL, "email" varchar(255) DEFAULT '' NOT NULL, "encrypted_password" varchar(255) DEFAULT '' NOT NULL, "reset_password_token" varchar(255), "reset_password_sent_at" datetime, "remember_created_at" datetime, "sign_in_count" integer DEFAULT 0, "current_sign_in_at" datetime, "last_sign_in_at" datetime, "current_sign_in_ip" varchar(255), "last_sign_in_ip" varchar(255), "provider" varchar(255), "uid" varchar(255), "username" varchar(255), "created_at" datetime, "updated_at" datetime) [0m
  [1m[35m (9.0ms)[0m  CREATE UNIQUE INDEX "index_users_on_email" ON "users" ("email")
  [1m[36m (0.3ms)[0m  [1mCREATE UNIQUE INDEX "index_users_on_reset_password_token" ON "users" ("reset_password_token")[0m
  [1m[35mSQL (5.9ms)[0m  INSERT INTO "schema_migrations" ("version") VALUES (?)  [["version", "20130820160557"]]
  [1m[36m (53.9ms)[0m  [1mcommit transaction[0m
  [1m[35mActiveRecord::SchemaMigration Load (0.2ms)[0m  SELECT "schema_migrations".* FROM "schema_migrations"


Started GET "/" for 127.4.253.1 at 2013-08-20 12:32:26 -0400
  [1m[36mActiveRecord::SchemaMigration Load (0.2ms)[0m  [1mSELECT "schema_migrations".* FROM "schema_migrations"[0m

ActionController::RoutingError (uninitialized constant WelcomeController):
  activesupport (4.0.0) lib/active_support/inflector/methods.rb:226:in `const_get'
  activesupport (4.0.0) lib/active_support/inflector/methods.rb:226:in `block in constantize'
  activesupport (4.0.0) lib/active_support/inflector/methods.rb:224:in `each'
  activesupport (4.0.0) lib/active_support/inflector/methods.rb:224:in `inject'
  activesupport (4.0.0) lib/active_support/inflector/methods.rb:224:in `constantize'
  actionpack (4.0.0) lib/action_dispatch/routing/route_set.rb:76:in `controller_reference'
  actionpack (4.0.0) lib/action_dispatch/routing/route_set.rb:66:in `controller'
  actionpack (4.0.0) lib/action_dispatch/routing/route_set.rb:44:in `call'
  actionpack (4.0.0) lib/action_dispatch/journey/router.rb:71:in `block in call'
  actionpack (4.0.0) lib/action_dispatch/journey/router.rb:59:in `each'
  actionpack (4.0.0) lib/action_dispatch/journey/router.rb:59:in `call'
  actionpack (4.0.0) lib/action_dispatch/routing/route_set.rb:655:in `call'
  omniauth (1.1.4) lib/omniauth/builder.rb:49:in `call'
  warden (1.2.3) lib/warden/manager.rb:35:in `block in call'
  warden (1.2.3) lib/warden/manager.rb:34:in `catch'
  warden (1.2.3) lib/warden/manager.rb:34:in `call'
  rack (1.5.2) lib/rack/etag.rb:23:in `call'
  rack (1.5.2) lib/rack/conditionalget.rb:25:in `call'
  rack (1.5.2) lib/rack/head.rb:11:in `call'
  actionpack (4.0.0) lib/action_dispatch/middleware/params_parser.rb:27:in `call'
  actionpack (4.0.0) lib/action_dispatch/middleware/flash.rb:241:in `call'
  rack (1.5.2) lib/rack/session/abstract/id.rb:225:in `context'
  rack (1.5.2) lib/rack/session/abstract/id.rb:220:in `call'
  actionpack (4.0.0) lib/action_dispatch/middleware/cookies.rb:486:in `call'
  activerecord (4.0.0) lib/active_record/query_cache.rb:36:in `call'
  activerecord (4.0.0) lib/active_record/connection_adapters/abstract/connection_pool.rb:626:in `call'
  activerecord (4.0.0) lib/active_record/migration.rb:369:in `call'
  actionpack (4.0.0) lib/action_dispatch/middleware/callbacks.rb:29:in `block in call'
  activesupport (4.0.0) lib/active_support/callbacks.rb:373:in `_run__3200888011179057596__call__callbacks'
  activesupport (4.0.0) lib/active_support/callbacks.rb:80:in `run_callbacks'
  actionpack (4.0.0) lib/action_dispatch/middleware/callbacks.rb:27:in `call'
  actionpack (4.0.0) lib/action_dispatch/middleware/reloader.rb:64:in `call'
  actionpack (4.0.0) lib/action_dispatch/middleware/remote_ip.rb:76:in `call'
  actionpack (4.0.0) lib/action_dispatch/middleware/debug_exceptions.rb:17:in `call'
  actionpack (4.0.0) lib/action_dispatch/middleware/show_exceptions.rb:30:in `call'
  railties (4.0.0) lib/rails/rack/logger.rb:38:in `call_app'
  railties (4.0.0) lib/rails/rack/logger.rb:21:in `block in call'
  activesupport (4.0.0) lib/active_support/tagged_logging.rb:67:in `block in tagged'
  activesupport (4.0.0) lib/active_support/tagged_logging.rb:25:in `tagged'
  activesupport (4.0.0) lib/active_support/tagged_logging.rb:67:in `tagged'
  railties (4.0.0) lib/rails/rack/logger.rb:21:in `call'
  actionpack (4.0.0) lib/action_dispatch/middleware/request_id.rb:21:in `call'
  rack (1.5.2) lib/rack/methodoverride.rb:21:in `call'
  rack (1.5.2) lib/rack/runtime.rb:17:in `call'
  activesupport (4.0.0) lib/active_support/cache/strategy/local_cache.rb:83:in `call'
  rack (1.5.2) lib/rack/lock.rb:17:in `call'
  actionpack (4.0.0) lib/action_dispatch/middleware/static.rb:64:in `call'
  railties (4.0.0) lib/rails/engine.rb:511:in `call'
  railties (4.0.0) lib/rails/application.rb:97:in `call'
  rack (1.5.2) lib/rack/lock.rb:17:in `call'
  rack (1.5.2) lib/rack/content_length.rb:14:in `call'
  rack (1.5.2) lib/rack/handler/webrick.rb:60:in `service'
  /var/lib/stickshift/521363a9500446ba3600007f/app-root/data/.rvm/rubies/ruby-2.0.0-p247/lib/ruby/2.0.0/webrick/httpserver.rb:138:in `service'
  /var/lib/stickshift/521363a9500446ba3600007f/app-root/data/.rvm/rubies/ruby-2.0.0-p247/lib/ruby/2.0.0/webrick/httpserver.rb:94:in `run'
  /var/lib/stickshift/521363a9500446ba3600007f/app-root/data/.rvm/rubies/ruby-2.0.0-p247/lib/ruby/2.0.0/webrick/server.rb:295:in `block in start_thread'


  Rendered /var/lib/stickshift/521363a9500446ba3600007f/app-root/data/.rvm/gems/ruby-2.0.0-p247/gems/actionpack-4.0.0/lib/action_dispatch/middleware/templates/rescues/_trace.erb (1.7ms)
  Rendered /var/lib/stickshift/521363a9500446ba3600007f/app-root/data/.rvm/gems/ruby-2.0.0-p247/gems/actionpack-4.0.0/lib/action_dispatch/middleware/templates/routes/_route.html.erb (28.7ms)
  Rendered /var/lib/stickshift/521363a9500446ba3600007f/app-root/data/.rvm/gems/ruby-2.0.0-p247/gems/actionpack-4.0.0/lib/action_dispatch/middleware/templates/routes/_table.html.erb (102.8ms)
  Rendered /var/lib/stickshift/521363a9500446ba3600007f/app-root/data/.rvm/gems/ruby-2.0.0-p247/gems/actionpack-4.0.0/lib/action_dispatch/middleware/templates/rescues/routing_error.erb within rescues/layout (388.9ms)


Started GET "/" for 127.4.253.1 at 2013-08-20 12:33:43 -0400

ActionController::RoutingError (uninitialized constant UserController):
  activesupport (4.0.0) lib/active_support/inflector/methods.rb:226:in `const_get'
  activesupport (4.0.0) lib/active_support/inflector/methods.rb:226:in `block in constantize'
  activesupport (4.0.0) lib/active_support/inflector/methods.rb:224:in `each'
  activesupport (4.0.0) lib/active_support/inflector/methods.rb:224:in `inject'
  activesupport (4.0.0) lib/active_support/inflector/methods.rb:224:in `constantize'
  actionpack (4.0.0) lib/action_dispatch/routing/route_set.rb:76:in `controller_reference'
  actionpack (4.0.0) lib/action_dispatch/routing/route_set.rb:66:in `controller'
  actionpack (4.0.0) lib/action_dispatch/routing/route_set.rb:44:in `call'
  actionpack (4.0.0) lib/action_dispatch/journey/router.rb:71:in `block in call'
  actionpack (4.0.0) lib/action_dispatch/journey/router.rb:59:in `each'
  actionpack (4.0.0) lib/action_dispatch/journey/router.rb:59:in `call'
  actionpack (4.0.0) lib/action_dispatch/routing/route_set.rb:655:in `call'
  omniauth (1.1.4) lib/omniauth/builder.rb:49:in `call'
  warden (1.2.3) lib/warden/manager.rb:35:in `block in call'
  warden (1.2.3) lib/warden/manager.rb:34:in `catch'
  warden (1.2.3) lib/warden/manager.rb:34:in `call'
  rack (1.5.2) lib/rack/etag.rb:23:in `call'
  rack (1.5.2) lib/rack/conditionalget.rb:25:in `call'
  rack (1.5.2) lib/rack/head.rb:11:in `call'
  actionpack (4.0.0) lib/action_dispatch/middleware/params_parser.rb:27:in `call'
  actionpack (4.0.0) lib/action_dispatch/middleware/flash.rb:241:in `call'
  rack (1.5.2) lib/rack/session/abstract/id.rb:225:in `context'
  rack (1.5.2) lib/rack/session/abstract/id.rb:220:in `call'
  actionpack (4.0.0) lib/action_dispatch/middleware/cookies.rb:486:in `call'
  activerecord (4.0.0) lib/active_record/query_cache.rb:36:in `call'
  activerecord (4.0.0) lib/active_record/connection_adapters/abstract/connection_pool.rb:626:in `call'
  activerecord (4.0.0) lib/active_record/migration.rb:369:in `call'
  actionpack (4.0.0) lib/action_dispatch/middleware/callbacks.rb:29:in `block in call'
  activesupport (4.0.0) lib/active_support/callbacks.rb:373:in `_run__3200888011179057596__call__callbacks'
  activesupport (4.0.0) lib/active_support/callbacks.rb:80:in `run_callbacks'
  actionpack (4.0.0) lib/action_dispatch/middleware/callbacks.rb:27:in `call'
  actionpack (4.0.0) lib/action_dispatch/middleware/reloader.rb:64:in `call'
  actionpack (4.0.0) lib/action_dispatch/middleware/remote_ip.rb:76:in `call'
  actionpack (4.0.0) lib/action_dispatch/middleware/debug_exceptions.rb:17:in `call'
  actionpack (4.0.0) lib/action_dispatch/middleware/show_exceptions.rb:30:in `call'
  railties (4.0.0) lib/rails/rack/logger.rb:38:in `call_app'
  railties (4.0.0) lib/rails/rack/logger.rb:21:in `block in call'
  activesupport (4.0.0) lib/active_support/tagged_logging.rb:67:in `block in tagged'
  activesupport (4.0.0) lib/active_support/tagged_logging.rb:25:in `tagged'
  activesupport (4.0.0) lib/active_support/tagged_logging.rb:67:in `tagged'
  railties (4.0.0) lib/rails/rack/logger.rb:21:in `call'
  actionpack (4.0.0) lib/action_dispatch/middleware/request_id.rb:21:in `call'
  rack (1.5.2) lib/rack/methodoverride.rb:21:in `call'
  rack (1.5.2) lib/rack/runtime.rb:17:in `call'
  activesupport (4.0.0) lib/active_support/cache/strategy/local_cache.rb:83:in `call'
  rack (1.5.2) lib/rack/lock.rb:17:in `call'
  actionpack (4.0.0) lib/action_dispatch/middleware/static.rb:64:in `call'
  railties (4.0.0) lib/rails/engine.rb:511:in `call'
  railties (4.0.0) lib/rails/application.rb:97:in `call'
  rack (1.5.2) lib/rack/lock.rb:17:in `call'
  rack (1.5.2) lib/rack/content_length.rb:14:in `call'
  rack (1.5.2) lib/rack/handler/webrick.rb:60:in `service'
  /var/lib/stickshift/521363a9500446ba3600007f/app-root/data/.rvm/rubies/ruby-2.0.0-p247/lib/ruby/2.0.0/webrick/httpserver.rb:138:in `service'
  /var/lib/stickshift/521363a9500446ba3600007f/app-root/data/.rvm/rubies/ruby-2.0.0-p247/lib/ruby/2.0.0/webrick/httpserver.rb:94:in `run'
  /var/lib/stickshift/521363a9500446ba3600007f/app-root/data/.rvm/rubies/ruby-2.0.0-p247/lib/ruby/2.0.0/webrick/server.rb:295:in `block in start_thread'


  Rendered /var/lib/stickshift/521363a9500446ba3600007f/app-root/data/.rvm/gems/ruby-2.0.0-p247/gems/actionpack-4.0.0/lib/action_dispatch/middleware/templates/rescues/_trace.erb (2.0ms)
  Rendered /var/lib/stickshift/521363a9500446ba3600007f/app-root/data/.rvm/gems/ruby-2.0.0-p247/gems/actionpack-4.0.0/lib/action_dispatch/middleware/templates/routes/_route.html.erb (6.7ms)
  Rendered /var/lib/stickshift/521363a9500446ba3600007f/app-root/data/.rvm/gems/ruby-2.0.0-p247/gems/actionpack-4.0.0/lib/action_dispatch/middleware/templates/routes/_table.html.erb (5.0ms)
  Rendered /var/lib/stickshift/521363a9500446ba3600007f/app-root/data/.rvm/gems/ruby-2.0.0-p247/gems/actionpack-4.0.0/lib/action_dispatch/middleware/templates/rescues/routing_error.erb within rescues/layout (212.5ms)


Started GET "/" for 127.4.253.1 at 2013-08-20 12:34:22 -0400

ActionController::RoutingError (uninitialized constant UsersController):
  activesupport (4.0.0) lib/active_support/inflector/methods.rb:226:in `const_get'
  activesupport (4.0.0) lib/active_support/inflector/methods.rb:226:in `block in constantize'
  activesupport (4.0.0) lib/active_support/inflector/methods.rb:224:in `each'
  activesupport (4.0.0) lib/active_support/inflector/methods.rb:224:in `inject'
  activesupport (4.0.0) lib/active_support/inflector/methods.rb:224:in `constantize'
  actionpack (4.0.0) lib/action_dispatch/routing/route_set.rb:76:in `controller_reference'
  actionpack (4.0.0) lib/action_dispatch/routing/route_set.rb:66:in `controller'
  actionpack (4.0.0) lib/action_dispatch/routing/route_set.rb:44:in `call'
  actionpack (4.0.0) lib/action_dispatch/journey/router.rb:71:in `block in call'
  actionpack (4.0.0) lib/action_dispatch/journey/router.rb:59:in `each'
  actionpack (4.0.0) lib/action_dispatch/journey/router.rb:59:in `call'
  actionpack (4.0.0) lib/action_dispatch/routing/route_set.rb:655:in `call'
  omniauth (1.1.4) lib/omniauth/builder.rb:49:in `call'
  warden (1.2.3) lib/warden/manager.rb:35:in `block in call'
  warden (1.2.3) lib/warden/manager.rb:34:in `catch'
  warden (1.2.3) lib/warden/manager.rb:34:in `call'
  rack (1.5.2) lib/rack/etag.rb:23:in `call'
  rack (1.5.2) lib/rack/conditionalget.rb:25:in `call'
  rack (1.5.2) lib/rack/head.rb:11:in `call'
  actionpack (4.0.0) lib/action_dispatch/middleware/params_parser.rb:27:in `call'
  actionpack (4.0.0) lib/action_dispatch/middleware/flash.rb:241:in `call'
  rack (1.5.2) lib/rack/session/abstract/id.rb:225:in `context'
  rack (1.5.2) lib/rack/session/abstract/id.rb:220:in `call'
  actionpack (4.0.0) lib/action_dispatch/middleware/cookies.rb:486:in `call'
  activerecord (4.0.0) lib/active_record/query_cache.rb:36:in `call'
  activerecord (4.0.0) lib/active_record/connection_adapters/abstract/connection_pool.rb:626:in `call'
  activerecord (4.0.0) lib/active_record/migration.rb:369:in `call'
  actionpack (4.0.0) lib/action_dispatch/middleware/callbacks.rb:29:in `block in call'
  activesupport (4.0.0) lib/active_support/callbacks.rb:373:in `_run__3200888011179057596__call__callbacks'
  activesupport (4.0.0) lib/active_support/callbacks.rb:80:in `run_callbacks'
  actionpack (4.0.0) lib/action_dispatch/middleware/callbacks.rb:27:in `call'
  actionpack (4.0.0) lib/action_dispatch/middleware/reloader.rb:64:in `call'
  actionpack (4.0.0) lib/action_dispatch/middleware/remote_ip.rb:76:in `call'
  actionpack (4.0.0) lib/action_dispatch/middleware/debug_exceptions.rb:17:in `call'
  actionpack (4.0.0) lib/action_dispatch/middleware/show_exceptions.rb:30:in `call'
  railties (4.0.0) lib/rails/rack/logger.rb:38:in `call_app'
  railties (4.0.0) lib/rails/rack/logger.rb:21:in `block in call'
  activesupport (4.0.0) lib/active_support/tagged_logging.rb:67:in `block in tagged'
  activesupport (4.0.0) lib/active_support/tagged_logging.rb:25:in `tagged'
  activesupport (4.0.0) lib/active_support/tagged_logging.rb:67:in `tagged'
  railties (4.0.0) lib/rails/rack/logger.rb:21:in `call'
  actionpack (4.0.0) lib/action_dispatch/middleware/request_id.rb:21:in `call'
  rack (1.5.2) lib/rack/methodoverride.rb:21:in `call'
  rack (1.5.2) lib/rack/runtime.rb:17:in `call'
  activesupport (4.0.0) lib/active_support/cache/strategy/local_cache.rb:83:in `call'
  rack (1.5.2) lib/rack/lock.rb:17:in `call'
  actionpack (4.0.0) lib/action_dispatch/middleware/static.rb:64:in `call'
  railties (4.0.0) lib/rails/engine.rb:511:in `call'
  railties (4.0.0) lib/rails/application.rb:97:in `call'
  rack (1.5.2) lib/rack/lock.rb:17:in `call'
  rack (1.5.2) lib/rack/content_length.rb:14:in `call'
  rack (1.5.2) lib/rack/handler/webrick.rb:60:in `service'
  /var/lib/stickshift/521363a9500446ba3600007f/app-root/data/.rvm/rubies/ruby-2.0.0-p247/lib/ruby/2.0.0/webrick/httpserver.rb:138:in `service'
  /var/lib/stickshift/521363a9500446ba3600007f/app-root/data/.rvm/rubies/ruby-2.0.0-p247/lib/ruby/2.0.0/webrick/httpserver.rb:94:in `run'
  /var/lib/stickshift/521363a9500446ba3600007f/app-root/data/.rvm/rubies/ruby-2.0.0-p247/lib/ruby/2.0.0/webrick/server.rb:295:in `block in start_thread'


  Rendered /var/lib/stickshift/521363a9500446ba3600007f/app-root/data/.rvm/gems/ruby-2.0.0-p247/gems/actionpack-4.0.0/lib/action_dispatch/middleware/templates/rescues/_trace.erb (10.0ms)
  Rendered /var/lib/stickshift/521363a9500446ba3600007f/app-root/data/.rvm/gems/ruby-2.0.0-p247/gems/actionpack-4.0.0/lib/action_dispatch/middleware/templates/routes/_route.html.erb (3.7ms)
  Rendered /var/lib/stickshift/521363a9500446ba3600007f/app-root/data/.rvm/gems/ruby-2.0.0-p247/gems/actionpack-4.0.0/lib/action_dispatch/middleware/templates/routes/_table.html.erb (10.0ms)
  Rendered /var/lib/stickshift/521363a9500446ba3600007f/app-root/data/.rvm/gems/ruby-2.0.0-p247/gems/actionpack-4.0.0/lib/action_dispatch/middleware/templates/rescues/routing_error.erb within rescues/layout (261.1ms)


Started GET "/" for 127.4.253.1 at 2013-08-20 12:37:05 -0400

AbstractController::ActionNotFound (The action 'index' could not be found for UsersController):
  actionpack (4.0.0) lib/abstract_controller/base.rb:131:in `process'
  actionpack (4.0.0) lib/abstract_controller/rendering.rb:44:in `process'
  actionpack (4.0.0) lib/action_controller/metal.rb:195:in `dispatch'
  actionpack (4.0.0) lib/action_controller/metal/rack_delegation.rb:13:in `dispatch'
  actionpack (4.0.0) lib/action_controller/metal.rb:231:in `block in action'
  actionpack (4.0.0) lib/action_dispatch/routing/route_set.rb:80:in `call'
  actionpack (4.0.0) lib/action_dispatch/routing/route_set.rb:80:in `dispatch'
  actionpack (4.0.0) lib/action_dispatch/routing/route_set.rb:48:in `call'
  actionpack (4.0.0) lib/action_dispatch/journey/router.rb:71:in `block in call'
  actionpack (4.0.0) lib/action_dispatch/journey/router.rb:59:in `each'
  actionpack (4.0.0) lib/action_dispatch/journey/router.rb:59:in `call'
  actionpack (4.0.0) lib/action_dispatch/routing/route_set.rb:655:in `call'
  omniauth (1.1.4) lib/omniauth/builder.rb:49:in `call'
  warden (1.2.3) lib/warden/manager.rb:35:in `block in call'
  warden (1.2.3) lib/warden/manager.rb:34:in `catch'
  warden (1.2.3) lib/warden/manager.rb:34:in `call'
  rack (1.5.2) lib/rack/etag.rb:23:in `call'
  rack (1.5.2) lib/rack/conditionalget.rb:25:in `call'
  rack (1.5.2) lib/rack/head.rb:11:in `call'
  actionpack (4.0.0) lib/action_dispatch/middleware/params_parser.rb:27:in `call'
  actionpack (4.0.0) lib/action_dispatch/middleware/flash.rb:241:in `call'
  rack (1.5.2) lib/rack/session/abstract/id.rb:225:in `context'
  rack (1.5.2) lib/rack/session/abstract/id.rb:220:in `call'
  actionpack (4.0.0) lib/action_dispatch/middleware/cookies.rb:486:in `call'
  activerecord (4.0.0) lib/active_record/query_cache.rb:36:in `call'
  activerecord (4.0.0) lib/active_record/connection_adapters/abstract/connection_pool.rb:626:in `call'
  activerecord (4.0.0) lib/active_record/migration.rb:369:in `call'
  actionpack (4.0.0) lib/action_dispatch/middleware/callbacks.rb:29:in `block in call'
  activesupport (4.0.0) lib/active_support/callbacks.rb:373:in `_run__3200888011179057596__call__callbacks'
  activesupport (4.0.0) lib/active_support/callbacks.rb:80:in `run_callbacks'
  actionpack (4.0.0) lib/action_dispatch/middleware/callbacks.rb:27:in `call'
  actionpack (4.0.0) lib/action_dispatch/middleware/reloader.rb:64:in `call'
  actionpack (4.0.0) lib/action_dispatch/middleware/remote_ip.rb:76:in `call'
  actionpack (4.0.0) lib/action_dispatch/middleware/debug_exceptions.rb:17:in `call'
  actionpack (4.0.0) lib/action_dispatch/middleware/show_exceptions.rb:30:in `call'
  railties (4.0.0) lib/rails/rack/logger.rb:38:in `call_app'
  railties (4.0.0) lib/rails/rack/logger.rb:21:in `block in call'
  activesupport (4.0.0) lib/active_support/tagged_logging.rb:67:in `block in tagged'
  activesupport (4.0.0) lib/active_support/tagged_logging.rb:25:in `tagged'
  activesupport (4.0.0) lib/active_support/tagged_logging.rb:67:in `tagged'
  railties (4.0.0) lib/rails/rack/logger.rb:21:in `call'
  actionpack (4.0.0) lib/action_dispatch/middleware/request_id.rb:21:in `call'
  rack (1.5.2) lib/rack/methodoverride.rb:21:in `call'
  rack (1.5.2) lib/rack/runtime.rb:17:in `call'
  activesupport (4.0.0) lib/active_support/cache/strategy/local_cache.rb:83:in `call'
  rack (1.5.2) lib/rack/lock.rb:17:in `call'
  actionpack (4.0.0) lib/action_dispatch/middleware/static.rb:64:in `call'
  railties (4.0.0) lib/rails/engine.rb:511:in `call'
  railties (4.0.0) lib/rails/application.rb:97:in `call'
  rack (1.5.2) lib/rack/lock.rb:17:in `call'
  rack (1.5.2) lib/rack/content_length.rb:14:in `call'
  rack (1.5.2) lib/rack/handler/webrick.rb:60:in `service'
  /var/lib/stickshift/521363a9500446ba3600007f/app-root/data/.rvm/rubies/ruby-2.0.0-p247/lib/ruby/2.0.0/webrick/httpserver.rb:138:in `service'
  /var/lib/stickshift/521363a9500446ba3600007f/app-root/data/.rvm/rubies/ruby-2.0.0-p247/lib/ruby/2.0.0/webrick/httpserver.rb:94:in `run'
  /var/lib/stickshift/521363a9500446ba3600007f/app-root/data/.rvm/rubies/ruby-2.0.0-p247/lib/ruby/2.0.0/webrick/server.rb:295:in `block in start_thread'


  Rendered /var/lib/stickshift/521363a9500446ba3600007f/app-root/data/.rvm/gems/ruby-2.0.0-p247/gems/actionpack-4.0.0/lib/action_dispatch/middleware/templates/rescues/unknown_action.erb within rescues/layout (0.8ms)


Started GET "/" for 127.4.253.1 at 2013-08-20 12:39:24 -0400
Processing by UsersController#index as HTML
Completed 500 Internal Server Error in 321ms

NameError (undefined local variable or method `role' for #<User:0x007f38a0518aa8>):
  app/models/user.rb:11:in `role?'
  app/models/ability.rb:11:in `initialize'


  Rendered /var/lib/stickshift/521363a9500446ba3600007f/app-root/data/.rvm/gems/ruby-2.0.0-p247/gems/actionpack-4.0.0/lib/action_dispatch/middleware/templates/rescues/_source.erb (0.9ms)
  Rendered /var/lib/stickshift/521363a9500446ba3600007f/app-root/data/.rvm/gems/ruby-2.0.0-p247/gems/actionpack-4.0.0/lib/action_dispatch/middleware/templates/rescues/_trace.erb (58.1ms)
  Rendered /var/lib/stickshift/521363a9500446ba3600007f/app-root/data/.rvm/gems/ruby-2.0.0-p247/gems/actionpack-4.0.0/lib/action_dispatch/middleware/templates/rescues/_request_and_response.erb (1.6ms)
  Rendered /var/lib/stickshift/521363a9500446ba3600007f/app-root/data/.rvm/gems/ruby-2.0.0-p247/gems/actionpack-4.0.0/lib/action_dispatch/middleware/templates/rescues/diagnostics.erb within rescues/layout (102.6ms)
  [1m[36mActiveRecord::SchemaMigration Load (0.2ms)[0m  [1mSELECT "schema_migrations".* FROM "schema_migrations"[0m
  [1m[35mActiveRecord::SchemaMigration Load (0.2ms)[0m  SELECT "schema_migrations".* FROM "schema_migrations"
Migrating to DeviseCreateUsers (20130820160557)
  [1m[36m (0.2ms)[0m  [1mbegin transaction[0m
  [1m[35m (42.8ms)[0m  DROP INDEX "index_users_on_reset_password_token"
  [1m[36m (0.5ms)[0m  [1mDROP INDEX "index_users_on_email"[0m
  [1m[35m (0.4ms)[0m  DROP TABLE "users"
  [1m[36mSQL (0.5ms)[0m  [1mDELETE FROM "schema_migrations" WHERE "schema_migrations"."version" = '20130820160557'[0m
  [1m[35m (25.3ms)[0m  commit transaction
  [1m[36mActiveRecord::SchemaMigration Load (0.1ms)[0m  [1mSELECT "schema_migrations".* FROM "schema_migrations"[0m
  [1m[36mActiveRecord::SchemaMigration Load (0.1ms)[0m  [1mSELECT "schema_migrations".* FROM "schema_migrations"[0m
Migrating to DeviseCreateUsers (20130820160557)
  [1m[35m (0.2ms)[0m  begin transaction
  [1m[36m (12.9ms)[0m  [1mCREATE TABLE "users" ("id" INTEGER PRIMARY KEY AUTOINCREMENT NOT NULL, "email" varchar(255) DEFAULT '' NOT NULL, "encrypted_password" varchar(255) DEFAULT '' NOT NULL, "reset_password_token" varchar(255), "reset_password_sent_at" datetime, "remember_created_at" datetime, "sign_in_count" integer DEFAULT 0, "current_sign_in_at" datetime, "last_sign_in_at" datetime, "current_sign_in_ip" varchar(255), "last_sign_in_ip" varchar(255), "provider" varchar(255), "uid" varchar(255), "username" varchar(255), "role" varchar(255), "created_at" datetime, "updated_at" datetime) [0m
  [1m[35m (71.4ms)[0m  CREATE UNIQUE INDEX "index_users_on_email" ON "users" ("email")
  [1m[36m (0.3ms)[0m  [1mCREATE UNIQUE INDEX "index_users_on_reset_password_token" ON "users" ("reset_password_token")[0m
  [1m[35mSQL (0.5ms)[0m  INSERT INTO "schema_migrations" ("version") VALUES (?)  [["version", "20130820160557"]]
  [1m[36m (309.8ms)[0m  [1mcommit transaction[0m
  [1m[35mActiveRecord::SchemaMigration Load (0.2ms)[0m  SELECT "schema_migrations".* FROM "schema_migrations"


Started GET "/" for 127.4.253.1 at 2013-08-20 12:42:14 -0400
  [1m[36mActiveRecord::SchemaMigration Load (0.2ms)[0m  [1mSELECT "schema_migrations".* FROM "schema_migrations"[0m
Processing by UsersController#index as HTML
Completed 401 Unauthorized in 529ms


Started GET "/users/sign_in" for 127.4.253.1 at 2013-08-20 12:42:15 -0400
Processing by Devise::SessionsController#new as HTML
  Rendered devise/shared/_links.erb (101.6ms)
  Rendered devise/sessions/new.html.erb within layouts/application (581.7ms)
Completed 500 Internal Server Error in 644ms

ActionView::Template::Error (No route matches {:action=>"passthru", :controller=>"users/omniauth_callbacks", :provider=>:user, :format=>:google_oauth2} missing required keys: [:provider]):
    20: 
    21: <%- if devise_mapping.omniauthable? %>
    22:   <%- resource_class.omniauth_providers.each do |provider| %>
    23:     <%= link_to "Sign in with #{provider.to_s.titleize}", user_omniauth_authorize_path(resource_name, provider) %><br />
    24:   <% end -%>
    25: <% end -%>
  app/views/devise/shared/_links.erb:23:in `block in _app_views_devise_shared__links_erb__3840403535396901701_26422700'
  app/views/devise/shared/_links.erb:22:in `each'
  app/views/devise/shared/_links.erb:22:in `_app_views_devise_shared__links_erb__3840403535396901701_26422700'
  app/views/devise/sessions/new.html.erb:17:in `_app_views_devise_sessions_new_html_erb___2208372244689572622_69895194180580'


  Rendered /var/lib/stickshift/521363a9500446ba3600007f/app-root/data/.rvm/gems/ruby-2.0.0-p247/gems/actionpack-4.0.0/lib/action_dispatch/middleware/templates/rescues/_trace.erb (69.2ms)
  Rendered /var/lib/stickshift/521363a9500446ba3600007f/app-root/data/.rvm/gems/ruby-2.0.0-p247/gems/actionpack-4.0.0/lib/action_dispatch/middleware/templates/rescues/_request_and_response.erb (1.7ms)
  Rendered /var/lib/stickshift/521363a9500446ba3600007f/app-root/data/.rvm/gems/ruby-2.0.0-p247/gems/actionpack-4.0.0/lib/action_dispatch/middleware/templates/rescues/template_error.erb within rescues/layout (99.2ms)


Started GET "/users/sign_in" for 127.4.253.1 at 2013-08-20 12:42:41 -0400
Processing by Devise::SessionsController#new as HTML
  Rendered devise/shared/_links.erb (48.8ms)
  Rendered devise/sessions/new.html.erb within layouts/application (54.4ms)
Completed 200 OK in 6461ms (Views: 6457.6ms | ActiveRecord: 0.0ms)


Started GET "/assets/application.css?body=1" for 127.4.253.1 at 2013-08-20 12:42:47 -0400


Started GET "/assets/jquery.js?body=1" for 127.4.253.1 at 2013-08-20 12:42:47 -0400


Started GET "/assets/jquery_ujs.js?body=1" for 127.4.253.1 at 2013-08-20 12:42:48 -0400


Started GET "/assets/turbolinks.js?body=1" for 127.4.253.1 at 2013-08-20 12:42:48 -0400


Started GET "/assets/application.js?body=1" for 127.4.253.1 at 2013-08-20 12:42:48 -0400


Started GET "/users/sign_up" for 127.4.253.1 at 2013-08-20 12:42:56 -0400
Processing by Devise::RegistrationsController#new as HTML
  Rendered devise/shared/_links.erb (0.8ms)
  Rendered devise/registrations/new.html.erb within layouts/application (8.4ms)
Completed 200 OK in 83ms (Views: 80.1ms | ActiveRecord: 0.0ms)


Started POST "/users" for 127.4.253.1 at 2013-08-20 12:44:10 -0400
Processing by Devise::RegistrationsController#create as HTML
  Parameters: {"utf8"=>"✓", "authenticity_token"=>"VxVOqdUTqGBnU3X+sFqZpw6eJ0w4mKZuhJxi5TTaorI=", "user"=>{"email"=>"admin1@admin.com", "password"=>"[FILTERED]", "password_confirmation"=>"[FILTERED]"}, "commit"=>"Sign up"}
  [1m[35m (0.3ms)[0m  begin transaction
  [1m[36mUser Exists (0.3ms)[0m  [1mSELECT 1 AS one FROM "users" WHERE "users"."email" = 'admin1@admin.com' LIMIT 1[0m
  [1m[35m (0.2ms)[0m  rollback transaction
  Rendered devise/shared/_links.erb (0.7ms)
  Rendered devise/registrations/new.html.erb within layouts/application (70.2ms)
Completed 200 OK in 591ms (Views: 86.1ms | ActiveRecord: 0.8ms)


Started POST "/users" for 127.4.253.1 at 2013-08-20 12:44:57 -0400
Processing by Devise::RegistrationsController#create as HTML
  Parameters: {"utf8"=>"✓", "authenticity_token"=>"VxVOqdUTqGBnU3X+sFqZpw6eJ0w4mKZuhJxi5TTaorI=", "user"=>{"email"=>"admin1@admin.com", "password"=>"[FILTERED]", "password_confirmation"=>"[FILTERED]"}, "commit"=>"Sign up"}
  [1m[36m (0.1ms)[0m  [1mbegin transaction[0m
  [1m[35mUser Exists (0.3ms)[0m  SELECT 1 AS one FROM "users" WHERE "users"."email" = 'admin1@admin.com' LIMIT 1
  [1m[36m (0.1ms)[0m  [1mrollback transaction[0m
  Rendered devise/shared/_links.erb (0.7ms)
  Rendered devise/registrations/new.html.erb within layouts/application (65.8ms)
Completed 200 OK in 483ms (Views: 81.0ms | ActiveRecord: 0.5ms)


Started GET "/assets/turbolinks.js?body=1" for 127.4.253.1 at 2013-08-20 12:44:58 -0400


Started GET "/assets/jquery_ujs.js?body=1" for 127.4.253.1 at 2013-08-20 12:44:58 -0400


Started GET "/assets/application.js?body=1" for 127.4.253.1 at 2013-08-20 12:44:58 -0400


Started GET "/assets/application.css?body=1" for 127.4.253.1 at 2013-08-20 12:44:58 -0400


Started GET "/assets/jquery.js?body=1" for 127.4.253.1 at 2013-08-20 12:44:58 -0400


Started POST "/users" for 127.4.253.1 at 2013-08-20 12:45:04 -0400
Processing by Devise::RegistrationsController#create as HTML
  Parameters: {"utf8"=>"✓", "authenticity_token"=>"VxVOqdUTqGBnU3X+sFqZpw6eJ0w4mKZuhJxi5TTaorI=", "user"=>{"email"=>"admin1@admin.com", "password"=>"[FILTERED]", "password_confirmation"=>"[FILTERED]"}, "commit"=>"Sign up"}
  [1m[35m (32.5ms)[0m  begin transaction
  [1m[36mUser Exists (7.3ms)[0m  [1mSELECT 1 AS one FROM "users" WHERE "users"."email" = 'admin1@admin.com' LIMIT 1[0m
  [1m[35m (0.2ms)[0m  rollback transaction
  Rendered devise/shared/_links.erb (12.3ms)
  Rendered devise/registrations/new.html.erb within layouts/application (1298.4ms)
Completed 200 OK in 8366ms (Views: 1766.8ms | ActiveRecord: 40.0ms)


Started GET "/assets/turbolinks.js?body=1" for 127.4.253.1 at 2013-08-20 12:45:12 -0400


Started GET "/assets/application.css?body=1" for 127.4.253.1 at 2013-08-20 12:45:13 -0400


Started GET "/assets/application.js?body=1" for 127.4.253.1 at 2013-08-20 12:45:13 -0400


Started GET "/assets/jquery.js?body=1" for 127.4.253.1 at 2013-08-20 12:45:13 -0400


Started GET "/assets/jquery_ujs.js?body=1" for 127.4.253.1 at 2013-08-20 12:45:13 -0400


Started GET "/users" for 127.4.253.1 at 2013-08-20 12:45:19 -0400

ActionController::RoutingError (No route matches [GET] "/users"):
  actionpack (4.0.0) lib/action_dispatch/middleware/debug_exceptions.rb:21:in `call'
  actionpack (4.0.0) lib/action_dispatch/middleware/show_exceptions.rb:30:in `call'
  railties (4.0.0) lib/rails/rack/logger.rb:38:in `call_app'
  railties (4.0.0) lib/rails/rack/logger.rb:21:in `block in call'
  activesupport (4.0.0) lib/active_support/tagged_logging.rb:67:in `block in tagged'
  activesupport (4.0.0) lib/active_support/tagged_logging.rb:25:in `tagged'
  activesupport (4.0.0) lib/active_support/tagged_logging.rb:67:in `tagged'
  railties (4.0.0) lib/rails/rack/logger.rb:21:in `call'
  actionpack (4.0.0) lib/action_dispatch/middleware/request_id.rb:21:in `call'
  rack (1.5.2) lib/rack/methodoverride.rb:21:in `call'
  rack (1.5.2) lib/rack/runtime.rb:17:in `call'
  activesupport (4.0.0) lib/active_support/cache/strategy/local_cache.rb:83:in `call'
  rack (1.5.2) lib/rack/lock.rb:17:in `call'
  actionpack (4.0.0) lib/action_dispatch/middleware/static.rb:64:in `call'
  railties (4.0.0) lib/rails/engine.rb:511:in `call'
  railties (4.0.0) lib/rails/application.rb:97:in `call'
  rack (1.5.2) lib/rack/lock.rb:17:in `call'
  rack (1.5.2) lib/rack/content_length.rb:14:in `call'
  rack (1.5.2) lib/rack/handler/webrick.rb:60:in `service'
  /var/lib/stickshift/521363a9500446ba3600007f/app-root/data/.rvm/rubies/ruby-2.0.0-p247/lib/ruby/2.0.0/webrick/httpserver.rb:138:in `service'
  /var/lib/stickshift/521363a9500446ba3600007f/app-root/data/.rvm/rubies/ruby-2.0.0-p247/lib/ruby/2.0.0/webrick/httpserver.rb:94:in `run'
  /var/lib/stickshift/521363a9500446ba3600007f/app-root/data/.rvm/rubies/ruby-2.0.0-p247/lib/ruby/2.0.0/webrick/server.rb:295:in `block in start_thread'


  Rendered /var/lib/stickshift/521363a9500446ba3600007f/app-root/data/.rvm/gems/ruby-2.0.0-p247/gems/actionpack-4.0.0/lib/action_dispatch/middleware/templates/rescues/_trace.erb (2.6ms)
  Rendered /var/lib/stickshift/521363a9500446ba3600007f/app-root/data/.rvm/gems/ruby-2.0.0-p247/gems/actionpack-4.0.0/lib/action_dispatch/middleware/templates/routes/_route.html.erb (11.7ms)
  Rendered /var/lib/stickshift/521363a9500446ba3600007f/app-root/data/.rvm/gems/ruby-2.0.0-p247/gems/actionpack-4.0.0/lib/action_dispatch/middleware/templates/routes/_table.html.erb (14.2ms)
  Rendered /var/lib/stickshift/521363a9500446ba3600007f/app-root/data/.rvm/gems/ruby-2.0.0-p247/gems/actionpack-4.0.0/lib/action_dispatch/middleware/templates/rescues/routing_error.erb within rescues/layout (162.2ms)


Started GET "/users" for 127.4.253.1 at 2013-08-20 12:45:39 -0400
Processing by UsersController#index as HTML
Completed 401 Unauthorized in 323ms


Started GET "/users/sign_in" for 127.4.253.1 at 2013-08-20 12:45:41 -0400
Processing by Devise::SessionsController#new as HTML
  Rendered devise/shared/_links.erb (0.7ms)
  Rendered devise/sessions/new.html.erb within layouts/application (6.3ms)
Completed 200 OK in 96ms (Views: 92.2ms | ActiveRecord: 0.0ms)


Started GET "/assets/application.css?body=1" for 127.4.253.1 at 2013-08-20 12:45:41 -0400


Started GET "/assets/jquery.js?body=1" for 127.4.253.1 at 2013-08-20 12:45:41 -0400


Started GET "/assets/jquery_ujs.js?body=1" for 127.4.253.1 at 2013-08-20 12:45:41 -0400


Started GET "/assets/turbolinks.js?body=1" for 127.4.253.1 at 2013-08-20 12:45:41 -0400


Started GET "/assets/application.js?body=1" for 127.4.253.1 at 2013-08-20 12:45:41 -0400


Started POST "/users/sign_in" for 127.4.253.1 at 2013-08-20 12:45:48 -0400
Processing by Devise::SessionsController#create as HTML
  Parameters: {"utf8"=>"✓", "authenticity_token"=>"VxVOqdUTqGBnU3X+sFqZpw6eJ0w4mKZuhJxi5TTaorI=", "user"=>{"email"=>"admin1@admin.com", "password"=>"[FILTERED]", "remember_me"=>"0"}, "commit"=>"Sign in"}
  [1m[36mUser Load (0.3ms)[0m  [1mSELECT "users".* FROM "users" WHERE "users"."email" = 'admin1@admin.com' LIMIT 1[0m
Completed 401 Unauthorized in 24ms
Processing by Devise::SessionsController#new as HTML
  Parameters: {"utf8"=>"✓", "authenticity_token"=>"VxVOqdUTqGBnU3X+sFqZpw6eJ0w4mKZuhJxi5TTaorI=", "user"=>{"email"=>"admin1@admin.com", "password"=>"[FILTERED]", "remember_me"=>"0"}, "commit"=>"Sign in"}
  Rendered devise/shared/_links.erb (70.8ms)
  Rendered devise/sessions/new.html.erb within layouts/application (75.8ms)
Completed 200 OK in 451ms (Views: 89.3ms | ActiveRecord: 0.0ms)


Started GET "/assets/jquery.js?body=1" for 127.4.253.1 at 2013-08-20 12:45:48 -0400


Started GET "/assets/jquery_ujs.js?body=1" for 127.4.253.1 at 2013-08-20 12:45:48 -0400


Started GET "/assets/application.js?body=1" for 127.4.253.1 at 2013-08-20 12:45:48 -0400


Started GET "/assets/turbolinks.js?body=1" for 127.4.253.1 at 2013-08-20 12:45:48 -0400


Started GET "/assets/application.css?body=1" for 127.4.253.1 at 2013-08-20 12:45:48 -0400


Started GET "/users/sign_up" for 127.4.253.1 at 2013-08-20 12:45:50 -0400
Processing by Devise::RegistrationsController#new as HTML
  Rendered devise/shared/_links.erb (0.6ms)
  Rendered devise/registrations/new.html.erb within layouts/application (5.7ms)
Completed 200 OK in 55ms (Views: 52.3ms | ActiveRecord: 0.0ms)


Started GET "/assets/jquery_ujs.js?body=1" for 127.4.253.1 at 2013-08-20 12:45:51 -0400


Started GET "/assets/application.css?body=1" for 127.4.253.1 at 2013-08-20 12:45:51 -0400


Started GET "/assets/jquery.js?body=1" for 127.4.253.1 at 2013-08-20 12:45:51 -0400


Started GET "/assets/application.js?body=1" for 127.4.253.1 at 2013-08-20 12:45:51 -0400


Started GET "/assets/turbolinks.js?body=1" for 127.4.253.1 at 2013-08-20 12:45:51 -0400


Started POST "/users" for 127.4.253.1 at 2013-08-20 12:45:57 -0400
Processing by Devise::RegistrationsController#create as HTML
  Parameters: {"utf8"=>"✓", "authenticity_token"=>"VxVOqdUTqGBnU3X+sFqZpw6eJ0w4mKZuhJxi5TTaorI=", "user"=>{"email"=>"admin1@admin.com", "password"=>"[FILTERED]", "password_confirmation"=>"[FILTERED]"}, "commit"=>"Sign up"}
  [1m[35m (0.2ms)[0m  begin transaction
  [1m[36mUser Exists (0.2ms)[0m  [1mSELECT 1 AS one FROM "users" WHERE "users"."email" = 'admin1@admin.com' LIMIT 1[0m
  [1m[35m (0.1ms)[0m  rollback transaction
  Rendered devise/shared/_links.erb (0.6ms)
  Rendered devise/registrations/new.html.erb within layouts/application (7.8ms)
Completed 200 OK in 501ms (Views: 96.4ms | ActiveRecord: 0.6ms)


Started GET "/assets/application.css?body=1" for 127.4.253.1 at 2013-08-20 12:45:58 -0400


Started GET "/assets/turbolinks.js?body=1" for 127.4.253.1 at 2013-08-20 12:45:58 -0400


Started GET "/assets/application.js?body=1" for 127.4.253.1 at 2013-08-20 12:45:58 -0400


Started GET "/assets/jquery.js?body=1" for 127.4.253.1 at 2013-08-20 12:45:58 -0400


Started GET "/assets/jquery_ujs.js?body=1" for 127.4.253.1 at 2013-08-20 12:45:58 -0400


Started POST "/users" for 127.4.253.1 at 2013-08-20 12:46:40 -0400
  [1m[36mActiveRecord::SchemaMigration Load (0.2ms)[0m  [1mSELECT "schema_migrations".* FROM "schema_migrations"[0m
Processing by Devise::RegistrationsController#create as HTML
  Parameters: {"utf8"=>"✓", "authenticity_token"=>"VxVOqdUTqGBnU3X+sFqZpw6eJ0w4mKZuhJxi5TTaorI=", "user"=>{"email"=>"admin1@admin.com", "password"=>"[FILTERED]", "password_confirmation"=>"[FILTERED]"}, "commit"=>"Sign up"}
  [1m[35m (0.2ms)[0m  begin transaction
  [1m[36mUser Exists (0.3ms)[0m  [1mSELECT 1 AS one FROM "users" WHERE "users"."email" = 'admin1@admin.com' LIMIT 1[0m
Binary data inserted for `string` type on column `encrypted_password`
  [1m[35mSQL (26.7ms)[0m  INSERT INTO "users" ("created_at", "email", "encrypted_password", "updated_at") VALUES (?, ?, ?, ?)  [["created_at", Tue, 20 Aug 2013 16:46:41 UTC +00:00], ["email", "admin1@admin.com"], ["encrypted_password", "$2a$10$4fNe8fXLv9BfIFDpmdpvHepfDJPNlO.QEa1WTEqCsjIqJxGr/uqKi"], ["updated_at", Tue, 20 Aug 2013 16:46:41 UTC +00:00]]
  [1m[36m (68.7ms)[0m  [1mcommit transaction[0m
  [1m[35m (0.1ms)[0m  begin transaction
Binary data inserted for `string` type on column `last_sign_in_ip`
Binary data inserted for `string` type on column `current_sign_in_ip`
  [1m[36mSQL (6.3ms)[0m  [1mUPDATE "users" SET "last_sign_in_at" = ?, "current_sign_in_at" = ?, "last_sign_in_ip" = ?, "current_sign_in_ip" = ?, "sign_in_count" = ?, "updated_at" = ? WHERE "users"."id" = 1[0m  [["last_sign_in_at", Tue, 20 Aug 2013 16:46:41 UTC +00:00], ["current_sign_in_at", Tue, 20 Aug 2013 16:46:41 UTC +00:00], ["last_sign_in_ip", "54.236.169.244"], ["current_sign_in_ip", "54.236.169.244"], ["sign_in_count", 1], ["updated_at", Tue, 20 Aug 2013 16:46:41 UTC +00:00]]
  [1m[35m (18.1ms)[0m  commit transaction
Redirected to http://project-livec9d201e544ce.rhcloud.com/users
Completed 302 Found in 1380ms (ActiveRecord: 121.3ms)


Started GET "/users" for 127.4.253.1 at 2013-08-20 12:46:42 -0400
Processing by UsersController#index as HTML
  [1m[36mUser Load (0.3ms)[0m  [1mSELECT "users".* FROM "users" WHERE "users"."id" = 1 ORDER BY "users"."id" ASC LIMIT 1[0m
Completed 500 Internal Server Error in 26ms

ActionView::MissingTemplate (Missing template users/index, application/index with {:locale=>[:en], :formats=>[:html], :handlers=>[:erb, :builder, :raw, :ruby, :jbuilder, :coffee]}. Searched in:
  * "/var/lib/stickshift/521363a9500446ba3600007f/app-root/data/589083/app/views"
  * "/var/lib/stickshift/521363a9500446ba3600007f/app-root/data/.rvm/gems/ruby-2.0.0-p247/gems/devise-3.0.3/app/views"
):
  actionpack (4.0.0) lib/action_view/path_set.rb:46:in `find'
  actionpack (4.0.0) lib/action_view/lookup_context.rb:115:in `find'
  actionpack (4.0.0) lib/action_view/renderer/abstract_renderer.rb:18:in `find_template'
  actionpack (4.0.0) lib/action_view/renderer/template_renderer.rb:35:in `determine_template'
  actionpack (4.0.0) lib/action_view/renderer/template_renderer.rb:8:in `render'
  actionpack (4.0.0) lib/action_view/renderer/renderer.rb:42:in `render_template'
  actionpack (4.0.0) lib/action_view/renderer/renderer.rb:23:in `render'
  actionpack (4.0.0) lib/abstract_controller/rendering.rb:127:in `_render_template'
  actionpack (4.0.0) lib/action_controller/metal/streaming.rb:219:in `_render_template'
  actionpack (4.0.0) lib/abstract_controller/rendering.rb:120:in `render_to_body'
  actionpack (4.0.0) lib/action_controller/metal/rendering.rb:33:in `render_to_body'
  actionpack (4.0.0) lib/action_controller/metal/renderers.rb:26:in `render_to_body'
  actionpack (4.0.0) lib/abstract_controller/rendering.rb:97:in `render'
  actionpack (4.0.0) lib/action_controller/metal/rendering.rb:16:in `render'
  actionpack (4.0.0) lib/action_controller/metal/instrumentation.rb:41:in `block (2 levels) in render'
  activesupport (4.0.0) lib/active_support/core_ext/benchmark.rb:12:in `block in ms'
  /var/lib/stickshift/521363a9500446ba3600007f/app-root/data/.rvm/rubies/ruby-2.0.0-p247/lib/ruby/2.0.0/benchmark.rb:296:in `realtime'
  activesupport (4.0.0) lib/active_support/core_ext/benchmark.rb:12:in `ms'
  actionpack (4.0.0) lib/action_controller/metal/instrumentation.rb:41:in `block in render'
  actionpack (4.0.0) lib/action_controller/metal/instrumentation.rb:84:in `cleanup_view_runtime'
  activerecord (4.0.0) lib/active_record/railties/controller_runtime.rb:25:in `cleanup_view_runtime'
  actionpack (4.0.0) lib/action_controller/metal/instrumentation.rb:40:in `render'
  actionpack (4.0.0) lib/action_controller/metal/implicit_render.rb:10:in `default_render'
  actionpack (4.0.0) lib/action_controller/metal/implicit_render.rb:5:in `send_action'
  actionpack (4.0.0) lib/abstract_controller/base.rb:189:in `process_action'
  actionpack (4.0.0) lib/action_controller/metal/rendering.rb:10:in `process_action'
  actionpack (4.0.0) lib/abstract_controller/callbacks.rb:18:in `block in process_action'
  activesupport (4.0.0) lib/active_support/callbacks.rb:423:in `_run__982326650247961712__process_action__callbacks'
  activesupport (4.0.0) lib/active_support/callbacks.rb:80:in `run_callbacks'
  actionpack (4.0.0) lib/abstract_controller/callbacks.rb:17:in `process_action'
  actionpack (4.0.0) lib/action_controller/metal/rescue.rb:29:in `process_action'
  actionpack (4.0.0) lib/action_controller/metal/instrumentation.rb:31:in `block in process_action'
  activesupport (4.0.0) lib/active_support/notifications.rb:159:in `block in instrument'
  activesupport (4.0.0) lib/active_support/notifications/instrumenter.rb:20:in `instrument'
  activesupport (4.0.0) lib/active_support/notifications.rb:159:in `instrument'
  actionpack (4.0.0) lib/action_controller/metal/instrumentation.rb:30:in `process_action'
  actionpack (4.0.0) lib/action_controller/metal/params_wrapper.rb:245:in `process_action'
  activerecord (4.0.0) lib/active_record/railties/controller_runtime.rb:18:in `process_action'
  actionpack (4.0.0) lib/abstract_controller/base.rb:136:in `process'
  actionpack (4.0.0) lib/abstract_controller/rendering.rb:44:in `process'
  actionpack (4.0.0) lib/action_controller/metal.rb:195:in `dispatch'
  actionpack (4.0.0) lib/action_controller/metal/rack_delegation.rb:13:in `dispatch'
  actionpack (4.0.0) lib/action_controller/metal.rb:231:in `block in action'
  actionpack (4.0.0) lib/action_dispatch/routing/route_set.rb:80:in `call'
  actionpack (4.0.0) lib/action_dispatch/routing/route_set.rb:80:in `dispatch'
  actionpack (4.0.0) lib/action_dispatch/routing/route_set.rb:48:in `call'
  actionpack (4.0.0) lib/action_dispatch/journey/router.rb:71:in `block in call'
  actionpack (4.0.0) lib/action_dispatch/journey/router.rb:59:in `each'
  actionpack (4.0.0) lib/action_dispatch/journey/router.rb:59:in `call'
  actionpack (4.0.0) lib/action_dispatch/routing/route_set.rb:655:in `call'
  omniauth (1.1.4) lib/omniauth/builder.rb:49:in `call'
  warden (1.2.3) lib/warden/manager.rb:35:in `block in call'
  warden (1.2.3) lib/warden/manager.rb:34:in `catch'
  warden (1.2.3) lib/warden/manager.rb:34:in `call'
  rack (1.5.2) lib/rack/etag.rb:23:in `call'
  rack (1.5.2) lib/rack/conditionalget.rb:25:in `call'
  rack (1.5.2) lib/rack/head.rb:11:in `call'
  actionpack (4.0.0) lib/action_dispatch/middleware/params_parser.rb:27:in `call'
  actionpack (4.0.0) lib/action_dispatch/middleware/flash.rb:241:in `call'
  rack (1.5.2) lib/rack/session/abstract/id.rb:225:in `context'
  rack (1.5.2) lib/rack/session/abstract/id.rb:220:in `call'
  actionpack (4.0.0) lib/action_dispatch/middleware/cookies.rb:486:in `call'
  activerecord (4.0.0) lib/active_record/query_cache.rb:36:in `call'
  activerecord (4.0.0) lib/active_record/connection_adapters/abstract/connection_pool.rb:626:in `call'
  activerecord (4.0.0) lib/active_record/migration.rb:369:in `call'
  actionpack (4.0.0) lib/action_dispatch/middleware/callbacks.rb:29:in `block in call'
  activesupport (4.0.0) lib/active_support/callbacks.rb:373:in `_run__1028546618567849331__call__callbacks'
  activesupport (4.0.0) lib/active_support/callbacks.rb:80:in `run_callbacks'
  actionpack (4.0.0) lib/action_dispatch/middleware/callbacks.rb:27:in `call'
  actionpack (4.0.0) lib/action_dispatch/middleware/reloader.rb:64:in `call'
  actionpack (4.0.0) lib/action_dispatch/middleware/remote_ip.rb:76:in `call'
  actionpack (4.0.0) lib/action_dispatch/middleware/debug_exceptions.rb:17:in `call'
  actionpack (4.0.0) lib/action_dispatch/middleware/show_exceptions.rb:30:in `call'
  railties (4.0.0) lib/rails/rack/logger.rb:38:in `call_app'
  railties (4.0.0) lib/rails/rack/logger.rb:21:in `block in call'
  activesupport (4.0.0) lib/active_support/tagged_logging.rb:67:in `block in tagged'
  activesupport (4.0.0) lib/active_support/tagged_logging.rb:25:in `tagged'
  activesupport (4.0.0) lib/active_support/tagged_logging.rb:67:in `tagged'
  railties (4.0.0) lib/rails/rack/logger.rb:21:in `call'
  actionpack (4.0.0) lib/action_dispatch/middleware/request_id.rb:21:in `call'
  rack (1.5.2) lib/rack/methodoverride.rb:21:in `call'
  rack (1.5.2) lib/rack/runtime.rb:17:in `call'
  activesupport (4.0.0) lib/active_support/cache/strategy/local_cache.rb:83:in `call'
  rack (1.5.2) lib/rack/lock.rb:17:in `call'
  actionpack (4.0.0) lib/action_dispatch/middleware/static.rb:64:in `call'
  railties (4.0.0) lib/rails/engine.rb:511:in `call'
  railties (4.0.0) lib/rails/application.rb:97:in `call'
  rack (1.5.2) lib/rack/lock.rb:17:in `call'
  rack (1.5.2) lib/rack/content_length.rb:14:in `call'
  rack (1.5.2) lib/rack/handler/webrick.rb:60:in `service'
  /var/lib/stickshift/521363a9500446ba3600007f/app-root/data/.rvm/rubies/ruby-2.0.0-p247/lib/ruby/2.0.0/webrick/httpserver.rb:138:in `service'
  /var/lib/stickshift/521363a9500446ba3600007f/app-root/data/.rvm/rubies/ruby-2.0.0-p247/lib/ruby/2.0.0/webrick/httpserver.rb:94:in `run'
  /var/lib/stickshift/521363a9500446ba3600007f/app-root/data/.rvm/rubies/ruby-2.0.0-p247/lib/ruby/2.0.0/webrick/server.rb:295:in `block in start_thread'


  Rendered /var/lib/stickshift/521363a9500446ba3600007f/app-root/data/.rvm/gems/ruby-2.0.0-p247/gems/actionpack-4.0.0/lib/action_dispatch/middleware/templates/rescues/missing_template.erb within rescues/layout (2.8ms)


Started GET "/users" for 127.4.253.1 at 2013-08-20 12:48:20 -0400
Processing by UsersController#index as HTML
  [1m[35mUser Load (0.4ms)[0m  SELECT "users".* FROM "users" WHERE "users"."id" = 1 ORDER BY "users"."id" ASC LIMIT 1
  [1m[36mUser Load (0.3ms)[0m  [1mSELECT "users".* FROM "users"[0m
  Rendered users/index.html.erb within layouts/application (4.1ms)
Completed 200 OK in 324ms (Views: 315.3ms | ActiveRecord: 0.7ms)


Started GET "/assets/application.js?body=1" for 127.4.253.1 at 2013-08-20 12:48:21 -0400


Started GET "/assets/application.css?body=1" for 127.4.253.1 at 2013-08-20 12:48:21 -0400


Started GET "/assets/jquery.js?body=1" for 127.4.253.1 at 2013-08-20 12:48:21 -0400


Started GET "/assets/turbolinks.js?body=1" for 127.4.253.1 at 2013-08-20 12:48:21 -0400


Started GET "/assets/jquery_ujs.js?body=1" for 127.4.253.1 at 2013-08-20 12:48:21 -0400


Started GET "/users" for 127.4.253.1 at 2013-08-20 12:50:59 -0400
Processing by UsersController#index as HTML
  [1m[35mUser Load (0.3ms)[0m  SELECT "users".* FROM "users" WHERE "users"."id" = 1 ORDER BY "users"."id" ASC LIMIT 1
  [1m[36mUser Load (0.4ms)[0m  [1mSELECT "users".* FROM "users"[0m
  Rendered users/index.html.erb within layouts/application (74.0ms)
Completed 200 OK in 389ms (Views: 88.7ms | ActiveRecord: 1.6ms)


Started GET "/assets/application.css?body=1" for 127.4.253.1 at 2013-08-20 12:50:59 -0400


Started GET "/assets/application.js?body=1" for 127.4.253.1 at 2013-08-20 12:50:59 -0400


Started GET "/assets/jquery.js?body=1" for 127.4.253.1 at 2013-08-20 12:50:59 -0400


Started GET "/assets/turbolinks.js?body=1" for 127.4.253.1 at 2013-08-20 12:50:59 -0400


Started GET "/assets/jquery_ujs.js?body=1" for 127.4.253.1 at 2013-08-20 12:50:59 -0400


Started GET "/users/1/edit" for 127.4.253.1 at 2013-08-20 12:51:04 -0400

AbstractController::ActionNotFound (The action 'edit' could not be found for UsersController):
  actionpack (4.0.0) lib/abstract_controller/base.rb:131:in `process'
  actionpack (4.0.0) lib/abstract_controller/rendering.rb:44:in `process'
  actionpack (4.0.0) lib/action_controller/metal.rb:195:in `dispatch'
  actionpack (4.0.0) lib/action_controller/metal/rack_delegation.rb:13:in `dispatch'
  actionpack (4.0.0) lib/action_controller/metal.rb:231:in `block in action'
  actionpack (4.0.0) lib/action_dispatch/routing/route_set.rb:80:in `call'
  actionpack (4.0.0) lib/action_dispatch/routing/route_set.rb:80:in `dispatch'
  actionpack (4.0.0) lib/action_dispatch/routing/route_set.rb:48:in `call'
  actionpack (4.0.0) lib/action_dispatch/journey/router.rb:71:in `block in call'
  actionpack (4.0.0) lib/action_dispatch/journey/router.rb:59:in `each'
  actionpack (4.0.0) lib/action_dispatch/journey/router.rb:59:in `call'
  actionpack (4.0.0) lib/action_dispatch/routing/route_set.rb:655:in `call'
  omniauth (1.1.4) lib/omniauth/builder.rb:49:in `call'
  warden (1.2.3) lib/warden/manager.rb:35:in `block in call'
  warden (1.2.3) lib/warden/manager.rb:34:in `catch'
  warden (1.2.3) lib/warden/manager.rb:34:in `call'
  rack (1.5.2) lib/rack/etag.rb:23:in `call'
  rack (1.5.2) lib/rack/conditionalget.rb:25:in `call'
  rack (1.5.2) lib/rack/head.rb:11:in `call'
  actionpack (4.0.0) lib/action_dispatch/middleware/params_parser.rb:27:in `call'
  actionpack (4.0.0) lib/action_dispatch/middleware/flash.rb:241:in `call'
  rack (1.5.2) lib/rack/session/abstract/id.rb:225:in `context'
  rack (1.5.2) lib/rack/session/abstract/id.rb:220:in `call'
  actionpack (4.0.0) lib/action_dispatch/middleware/cookies.rb:486:in `call'
  activerecord (4.0.0) lib/active_record/query_cache.rb:36:in `call'
  activerecord (4.0.0) lib/active_record/connection_adapters/abstract/connection_pool.rb:626:in `call'
  activerecord (4.0.0) lib/active_record/migration.rb:369:in `call'
  actionpack (4.0.0) lib/action_dispatch/middleware/callbacks.rb:29:in `block in call'
  activesupport (4.0.0) lib/active_support/callbacks.rb:373:in `_run__1028546618567849331__call__callbacks'
  activesupport (4.0.0) lib/active_support/callbacks.rb:80:in `run_callbacks'
  actionpack (4.0.0) lib/action_dispatch/middleware/callbacks.rb:27:in `call'
  actionpack (4.0.0) lib/action_dispatch/middleware/reloader.rb:64:in `call'
  actionpack (4.0.0) lib/action_dispatch/middleware/remote_ip.rb:76:in `call'
  actionpack (4.0.0) lib/action_dispatch/middleware/debug_exceptions.rb:17:in `call'
  actionpack (4.0.0) lib/action_dispatch/middleware/show_exceptions.rb:30:in `call'
  railties (4.0.0) lib/rails/rack/logger.rb:38:in `call_app'
  railties (4.0.0) lib/rails/rack/logger.rb:21:in `block in call'
  activesupport (4.0.0) lib/active_support/tagged_logging.rb:67:in `block in tagged'
  activesupport (4.0.0) lib/active_support/tagged_logging.rb:25:in `tagged'
  activesupport (4.0.0) lib/active_support/tagged_logging.rb:67:in `tagged'
  railties (4.0.0) lib/rails/rack/logger.rb:21:in `call'
  actionpack (4.0.0) lib/action_dispatch/middleware/request_id.rb:21:in `call'
  rack (1.5.2) lib/rack/methodoverride.rb:21:in `call'
  rack (1.5.2) lib/rack/runtime.rb:17:in `call'
  activesupport (4.0.0) lib/active_support/cache/strategy/local_cache.rb:83:in `call'
  rack (1.5.2) lib/rack/lock.rb:17:in `call'
  actionpack (4.0.0) lib/action_dispatch/middleware/static.rb:64:in `call'
  railties (4.0.0) lib/rails/engine.rb:511:in `call'
  railties (4.0.0) lib/rails/application.rb:97:in `call'
  rack (1.5.2) lib/rack/lock.rb:17:in `call'
  rack (1.5.2) lib/rack/content_length.rb:14:in `call'
  rack (1.5.2) lib/rack/handler/webrick.rb:60:in `service'
  /var/lib/stickshift/521363a9500446ba3600007f/app-root/data/.rvm/rubies/ruby-2.0.0-p247/lib/ruby/2.0.0/webrick/httpserver.rb:138:in `service'
  /var/lib/stickshift/521363a9500446ba3600007f/app-root/data/.rvm/rubies/ruby-2.0.0-p247/lib/ruby/2.0.0/webrick/httpserver.rb:94:in `run'
  /var/lib/stickshift/521363a9500446ba3600007f/app-root/data/.rvm/rubies/ruby-2.0.0-p247/lib/ruby/2.0.0/webrick/server.rb:295:in `block in start_thread'


  Rendered /var/lib/stickshift/521363a9500446ba3600007f/app-root/data/.rvm/gems/ruby-2.0.0-p247/gems/actionpack-4.0.0/lib/action_dispatch/middleware/templates/rescues/unknown_action.erb within rescues/layout (0.7ms)


Started GET "/users/1/edit" for 127.4.253.1 at 2013-08-20 12:51:05 -0400

AbstractController::ActionNotFound (The action 'edit' could not be found for UsersController):
  actionpack (4.0.0) lib/abstract_controller/base.rb:131:in `process'
  actionpack (4.0.0) lib/abstract_controller/rendering.rb:44:in `process'
  actionpack (4.0.0) lib/action_controller/metal.rb:195:in `dispatch'
  actionpack (4.0.0) lib/action_controller/metal/rack_delegation.rb:13:in `dispatch'
  actionpack (4.0.0) lib/action_controller/metal.rb:231:in `block in action'
  actionpack (4.0.0) lib/action_dispatch/routing/route_set.rb:80:in `call'
  actionpack (4.0.0) lib/action_dispatch/routing/route_set.rb:80:in `dispatch'
  actionpack (4.0.0) lib/action_dispatch/routing/route_set.rb:48:in `call'
  actionpack (4.0.0) lib/action_dispatch/journey/router.rb:71:in `block in call'
  actionpack (4.0.0) lib/action_dispatch/journey/router.rb:59:in `each'
  actionpack (4.0.0) lib/action_dispatch/journey/router.rb:59:in `call'
  actionpack (4.0.0) lib/action_dispatch/routing/route_set.rb:655:in `call'
  omniauth (1.1.4) lib/omniauth/builder.rb:49:in `call'
  warden (1.2.3) lib/warden/manager.rb:35:in `block in call'
  warden (1.2.3) lib/warden/manager.rb:34:in `catch'
  warden (1.2.3) lib/warden/manager.rb:34:in `call'
  rack (1.5.2) lib/rack/etag.rb:23:in `call'
  rack (1.5.2) lib/rack/conditionalget.rb:25:in `call'
  rack (1.5.2) lib/rack/head.rb:11:in `call'
  actionpack (4.0.0) lib/action_dispatch/middleware/params_parser.rb:27:in `call'
  actionpack (4.0.0) lib/action_dispatch/middleware/flash.rb:241:in `call'
  rack (1.5.2) lib/rack/session/abstract/id.rb:225:in `context'
  rack (1.5.2) lib/rack/session/abstract/id.rb:220:in `call'
  actionpack (4.0.0) lib/action_dispatch/middleware/cookies.rb:486:in `call'
  activerecord (4.0.0) lib/active_record/query_cache.rb:36:in `call'
  activerecord (4.0.0) lib/active_record/connection_adapters/abstract/connection_pool.rb:626:in `call'
  activerecord (4.0.0) lib/active_record/migration.rb:369:in `call'
  actionpack (4.0.0) lib/action_dispatch/middleware/callbacks.rb:29:in `block in call'
  activesupport (4.0.0) lib/active_support/callbacks.rb:373:in `_run__1028546618567849331__call__callbacks'
  activesupport (4.0.0) lib/active_support/callbacks.rb:80:in `run_callbacks'
  actionpack (4.0.0) lib/action_dispatch/middleware/callbacks.rb:27:in `call'
  actionpack (4.0.0) lib/action_dispatch/middleware/reloader.rb:64:in `call'
  actionpack (4.0.0) lib/action_dispatch/middleware/remote_ip.rb:76:in `call'
  actionpack (4.0.0) lib/action_dispatch/middleware/debug_exceptions.rb:17:in `call'
  actionpack (4.0.0) lib/action_dispatch/middleware/show_exceptions.rb:30:in `call'
  railties (4.0.0) lib/rails/rack/logger.rb:38:in `call_app'
  railties (4.0.0) lib/rails/rack/logger.rb:21:in `block in call'
  activesupport (4.0.0) lib/active_support/tagged_logging.rb:67:in `block in tagged'
  activesupport (4.0.0) lib/active_support/tagged_logging.rb:25:in `tagged'
  activesupport (4.0.0) lib/active_support/tagged_logging.rb:67:in `tagged'
  railties (4.0.0) lib/rails/rack/logger.rb:21:in `call'
  actionpack (4.0.0) lib/action_dispatch/middleware/request_id.rb:21:in `call'
  rack (1.5.2) lib/rack/methodoverride.rb:21:in `call'
  rack (1.5.2) lib/rack/runtime.rb:17:in `call'
  activesupport (4.0.0) lib/active_support/cache/strategy/local_cache.rb:83:in `call'
  rack (1.5.2) lib/rack/lock.rb:17:in `call'
  actionpack (4.0.0) lib/action_dispatch/middleware/static.rb:64:in `call'
  railties (4.0.0) lib/rails/engine.rb:511:in `call'
  railties (4.0.0) lib/rails/application.rb:97:in `call'
  rack (1.5.2) lib/rack/lock.rb:17:in `call'
  rack (1.5.2) lib/rack/content_length.rb:14:in `call'
  rack (1.5.2) lib/rack/handler/webrick.rb:60:in `service'
  /var/lib/stickshift/521363a9500446ba3600007f/app-root/data/.rvm/rubies/ruby-2.0.0-p247/lib/ruby/2.0.0/webrick/httpserver.rb:138:in `service'
  /var/lib/stickshift/521363a9500446ba3600007f/app-root/data/.rvm/rubies/ruby-2.0.0-p247/lib/ruby/2.0.0/webrick/httpserver.rb:94:in `run'
  /var/lib/stickshift/521363a9500446ba3600007f/app-root/data/.rvm/rubies/ruby-2.0.0-p247/lib/ruby/2.0.0/webrick/server.rb:295:in `block in start_thread'


  Rendered /var/lib/stickshift/521363a9500446ba3600007f/app-root/data/.rvm/gems/ruby-2.0.0-p247/gems/actionpack-4.0.0/lib/action_dispatch/middleware/templates/rescues/unknown_action.erb within rescues/layout (0.8ms)


Started GET "/users/1/edit" for 127.4.253.1 at 2013-08-20 12:51:30 -0400

AbstractController::ActionNotFound (The action 'edit' could not be found for UsersController):
  actionpack (4.0.0) lib/abstract_controller/base.rb:131:in `process'
  actionpack (4.0.0) lib/abstract_controller/rendering.rb:44:in `process'
  actionpack (4.0.0) lib/action_controller/metal.rb:195:in `dispatch'
  actionpack (4.0.0) lib/action_controller/metal/rack_delegation.rb:13:in `dispatch'
  actionpack (4.0.0) lib/action_controller/metal.rb:231:in `block in action'
  actionpack (4.0.0) lib/action_dispatch/routing/route_set.rb:80:in `call'
  actionpack (4.0.0) lib/action_dispatch/routing/route_set.rb:80:in `dispatch'
  actionpack (4.0.0) lib/action_dispatch/routing/route_set.rb:48:in `call'
  actionpack (4.0.0) lib/action_dispatch/journey/router.rb:71:in `block in call'
  actionpack (4.0.0) lib/action_dispatch/journey/router.rb:59:in `each'
  actionpack (4.0.0) lib/action_dispatch/journey/router.rb:59:in `call'
  actionpack (4.0.0) lib/action_dispatch/routing/route_set.rb:655:in `call'
  omniauth (1.1.4) lib/omniauth/builder.rb:49:in `call'
  warden (1.2.3) lib/warden/manager.rb:35:in `block in call'
  warden (1.2.3) lib/warden/manager.rb:34:in `catch'
  warden (1.2.3) lib/warden/manager.rb:34:in `call'
  rack (1.5.2) lib/rack/etag.rb:23:in `call'
  rack (1.5.2) lib/rack/conditionalget.rb:25:in `call'
  rack (1.5.2) lib/rack/head.rb:11:in `call'
  actionpack (4.0.0) lib/action_dispatch/middleware/params_parser.rb:27:in `call'
  actionpack (4.0.0) lib/action_dispatch/middleware/flash.rb:241:in `call'
  rack (1.5.2) lib/rack/session/abstract/id.rb:225:in `context'
  rack (1.5.2) lib/rack/session/abstract/id.rb:220:in `call'
  actionpack (4.0.0) lib/action_dispatch/middleware/cookies.rb:486:in `call'
  activerecord (4.0.0) lib/active_record/query_cache.rb:36:in `call'
  activerecord (4.0.0) lib/active_record/connection_adapters/abstract/connection_pool.rb:626:in `call'
  activerecord (4.0.0) lib/active_record/migration.rb:369:in `call'
  actionpack (4.0.0) lib/action_dispatch/middleware/callbacks.rb:29:in `block in call'
  activesupport (4.0.0) lib/active_support/callbacks.rb:373:in `_run__1028546618567849331__call__callbacks'
  activesupport (4.0.0) lib/active_support/callbacks.rb:80:in `run_callbacks'
  actionpack (4.0.0) lib/action_dispatch/middleware/callbacks.rb:27:in `call'
  actionpack (4.0.0) lib/action_dispatch/middleware/reloader.rb:64:in `call'
  actionpack (4.0.0) lib/action_dispatch/middleware/remote_ip.rb:76:in `call'
  actionpack (4.0.0) lib/action_dispatch/middleware/debug_exceptions.rb:17:in `call'
  actionpack (4.0.0) lib/action_dispatch/middleware/show_exceptions.rb:30:in `call'
  railties (4.0.0) lib/rails/rack/logger.rb:38:in `call_app'
  railties (4.0.0) lib/rails/rack/logger.rb:21:in `block in call'
  activesupport (4.0.0) lib/active_support/tagged_logging.rb:67:in `block in tagged'
  activesupport (4.0.0) lib/active_support/tagged_logging.rb:25:in `tagged'
  activesupport (4.0.0) lib/active_support/tagged_logging.rb:67:in `tagged'
  railties (4.0.0) lib/rails/rack/logger.rb:21:in `call'
  actionpack (4.0.0) lib/action_dispatch/middleware/request_id.rb:21:in `call'
  rack (1.5.2) lib/rack/methodoverride.rb:21:in `call'
  rack (1.5.2) lib/rack/runtime.rb:17:in `call'
  activesupport (4.0.0) lib/active_support/cache/strategy/local_cache.rb:83:in `call'
  rack (1.5.2) lib/rack/lock.rb:17:in `call'
  actionpack (4.0.0) lib/action_dispatch/middleware/static.rb:64:in `call'
  railties (4.0.0) lib/rails/engine.rb:511:in `call'
  railties (4.0.0) lib/rails/application.rb:97:in `call'
  rack (1.5.2) lib/rack/lock.rb:17:in `call'
  rack (1.5.2) lib/rack/content_length.rb:14:in `call'
  rack (1.5.2) lib/rack/handler/webrick.rb:60:in `service'
  /var/lib/stickshift/521363a9500446ba3600007f/app-root/data/.rvm/rubies/ruby-2.0.0-p247/lib/ruby/2.0.0/webrick/httpserver.rb:138:in `service'
  /var/lib/stickshift/521363a9500446ba3600007f/app-root/data/.rvm/rubies/ruby-2.0.0-p247/lib/ruby/2.0.0/webrick/httpserver.rb:94:in `run'
  /var/lib/stickshift/521363a9500446ba3600007f/app-root/data/.rvm/rubies/ruby-2.0.0-p247/lib/ruby/2.0.0/webrick/server.rb:295:in `block in start_thread'


  Rendered /var/lib/stickshift/521363a9500446ba3600007f/app-root/data/.rvm/gems/ruby-2.0.0-p247/gems/actionpack-4.0.0/lib/action_dispatch/middleware/templates/rescues/unknown_action.erb within rescues/layout (0.7ms)


Started GET "/users" for 127.4.253.1 at 2013-08-20 12:51:33 -0400
Processing by UsersController#index as HTML
  [1m[35mUser Load (0.3ms)[0m  SELECT "users".* FROM "users" WHERE "users"."id" = 1 ORDER BY "users"."id" ASC LIMIT 1
  [1m[36mUser Load (0.3ms)[0m  [1mSELECT "users".* FROM "users"[0m
  Rendered users/index.html.erb within layouts/application (5.0ms)
Completed 200 OK in 27ms (Views: 19.2ms | ActiveRecord: 0.7ms)


Started GET "/assets/jquery.js?body=1" for 127.4.253.1 at 2013-08-20 12:51:33 -0400


Started GET "/assets/turbolinks.js?body=1" for 127.4.253.1 at 2013-08-20 12:51:33 -0400


Started GET "/assets/jquery_ujs.js?body=1" for 127.4.253.1 at 2013-08-20 12:51:33 -0400


Started GET "/assets/application.js?body=1" for 127.4.253.1 at 2013-08-20 12:51:33 -0400


Started GET "/assets/application.css?body=1" for 127.4.253.1 at 2013-08-20 12:51:33 -0400


Started GET "/users/edit.1" for 127.4.253.1 at 2013-08-20 12:51:34 -0400
Processing by Devise::RegistrationsController#edit as 
  [1m[35mUser Load (0.3ms)[0m  SELECT "users".* FROM "users" WHERE "users"."id" = 1 ORDER BY "users"."id" ASC LIMIT 1
  Rendered devise/registrations/edit.html.erb within layouts/application (66.3ms)
Completed 200 OK in 161ms (Views: 156.6ms | ActiveRecord: 0.3ms)


Started GET "/users/edit.1" for 127.4.253.1 at 2013-08-20 12:52:29 -0400
Processing by Devise::RegistrationsController#edit as 
  [1m[36mUser Load (0.3ms)[0m  [1mSELECT "users".* FROM "users" WHERE "users"."id" = 1 ORDER BY "users"."id" ASC LIMIT 1[0m
  Rendered devise/registrations/edit.html.erb within layouts/application (82.1ms)
Completed 200 OK in 107ms (Views: 103.3ms | ActiveRecord: 0.3ms)


Started GET "/assets/application.css?body=1" for 127.4.253.1 at 2013-08-20 12:52:29 -0400


Started GET "/assets/jquery_ujs.js?body=1" for 127.4.253.1 at 2013-08-20 12:52:29 -0400


Started GET "/assets/turbolinks.js?body=1" for 127.4.253.1 at 2013-08-20 12:52:29 -0400


Started GET "/assets/jquery.js?body=1" for 127.4.253.1 at 2013-08-20 12:52:29 -0400


Started GET "/assets/application.js?body=1" for 127.4.253.1 at 2013-08-20 12:52:29 -0400


Started PUT "/users" for 127.4.253.1 at 2013-08-20 12:53:00 -0400
Processing by Devise::RegistrationsController#update as HTML
  Parameters: {"utf8"=>"✓", "authenticity_token"=>"VxVOqdUTqGBnU3X+sFqZpw6eJ0w4mKZuhJxi5TTaorI=", "user"=>{"email"=>"admin1@admin.com", "password"=>"[FILTERED]", "password_confirmation"=>"[FILTERED]", "current_password"=>"[FILTERED]", "role"=>"superadmin"}, "commit"=>"Update"}
  [1m[35mUser Load (0.2ms)[0m  SELECT "users".* FROM "users" WHERE "users"."id" = 1 ORDER BY "users"."id" ASC LIMIT 1
  [1m[36mUser Load (0.4ms)[0m  [1mSELECT "users".* FROM "users" WHERE "users"."id" = ? LIMIT 1[0m  [["id", 1]]
Unpermitted parameters: role
  Rendered devise/registrations/edit.html.erb within layouts/application (42.0ms)
Completed 200 OK in 784ms (Views: 107.6ms | ActiveRecord: 1.7ms)


Started GET "/assets/application.css?body=1" for 127.4.253.1 at 2013-08-20 12:53:05 -0400


Started GET "/assets/turbolinks.js?body=1" for 127.4.253.1 at 2013-08-20 12:53:05 -0400


Started GET "/assets/application.js?body=1" for 127.4.253.1 at 2013-08-20 12:53:05 -0400


Started GET "/assets/jquery.js?body=1" for 127.4.253.1 at 2013-08-20 12:53:06 -0400


Started GET "/assets/jquery_ujs.js?body=1" for 127.4.253.1 at 2013-08-20 12:53:06 -0400


Started PUT "/users" for 127.4.253.1 at 2013-08-20 12:53:12 -0400
Processing by Devise::RegistrationsController#update as HTML
  Parameters: {"utf8"=>"✓", "authenticity_token"=>"VxVOqdUTqGBnU3X+sFqZpw6eJ0w4mKZuhJxi5TTaorI=", "user"=>{"email"=>"admin1@admin.com", "password"=>"[FILTERED]", "password_confirmation"=>"[FILTERED]", "current_password"=>"[FILTERED]", "role"=>"superadmin"}, "commit"=>"Update"}
  [1m[35mUser Load (0.3ms)[0m  SELECT "users".* FROM "users" WHERE "users"."id" = 1 ORDER BY "users"."id" ASC LIMIT 1
  [1m[36mUser Load (0.2ms)[0m  [1mSELECT "users".* FROM "users" WHERE "users"."id" = ? LIMIT 1[0m  [["id", 1]]
Unpermitted parameters: role
  [1m[35m (0.2ms)[0m  begin transaction
  [1m[36m (0.1ms)[0m  [1mcommit transaction[0m
Redirected to http://project-livec9d201e544ce.rhcloud.com/
Completed 302 Found in 372ms (ActiveRecord: 0.8ms)


Started GET "/" for 127.4.253.1 at 2013-08-20 12:53:12 -0400
Processing by UsersController#index as HTML
  [1m[35mUser Load (0.3ms)[0m  SELECT "users".* FROM "users" WHERE "users"."id" = 1 ORDER BY "users"."id" ASC LIMIT 1
  [1m[36mUser Load (0.4ms)[0m  [1mSELECT "users".* FROM "users"[0m
  Rendered users/index.html.erb within layouts/application (2.9ms)
Completed 200 OK in 83ms (Views: 15.5ms | ActiveRecord: 0.7ms)


Started GET "/assets/application.js?body=1" for 127.4.253.1 at 2013-08-20 12:53:13 -0400


Started GET "/assets/turbolinks.js?body=1" for 127.4.253.1 at 2013-08-20 12:53:13 -0400


Started GET "/assets/application.css?body=1" for 127.4.253.1 at 2013-08-20 12:53:13 -0400


Started GET "/assets/jquery_ujs.js?body=1" for 127.4.253.1 at 2013-08-20 12:53:13 -0400


Started GET "/assets/jquery.js?body=1" for 127.4.253.1 at 2013-08-20 12:53:13 -0400


Started GET "/" for 127.4.253.1 at 2013-08-20 12:56:53 -0400
Processing by UsersController#index as HTML
  [1m[35mUser Load (0.4ms)[0m  SELECT "users".* FROM "users" WHERE "users"."id" = 1 ORDER BY "users"."id" ASC LIMIT 1
  [1m[36mUser Load (0.3ms)[0m  [1mSELECT "users".* FROM "users"[0m
  Rendered users/index.html.erb within layouts/application (2.1ms)
Completed 200 OK in 1325ms (Views: 1300.9ms | ActiveRecord: 0.7ms)


Started GET "/assets/application.css?body=1" for 127.4.253.1 at 2013-08-20 12:56:55 -0400


Started GET "/assets/jquery.js?body=1" for 127.4.253.1 at 2013-08-20 12:56:55 -0400


Started GET "/assets/jquery_ujs.js?body=1" for 127.4.253.1 at 2013-08-20 12:56:55 -0400


Started GET "/assets/application.js?body=1" for 127.4.253.1 at 2013-08-20 12:56:55 -0400


Started GET "/assets/turbolinks.js?body=1" for 127.4.253.1 at 2013-08-20 12:56:55 -0400


Started GET "/" for 127.4.253.1 at 2013-08-20 12:58:40 -0400
Processing by UsersController#index as HTML
  [1m[35mUser Load (0.4ms)[0m  SELECT "users".* FROM "users" WHERE "users"."id" = 1 ORDER BY "users"."id" ASC LIMIT 1
  [1m[36mUser Load (0.2ms)[0m  [1mSELECT "users".* FROM "users"[0m
  Rendered users/index.html.erb within layouts/application (2.4ms)
Completed 200 OK in 1615ms (Views: 1602.5ms | ActiveRecord: 0.6ms)


Started GET "/assets/jquery_ujs.js?body=1" for 127.4.253.1 at 2013-08-20 12:58:41 -0400


Started GET "/assets/turbolinks.js?body=1" for 127.4.253.1 at 2013-08-20 12:58:41 -0400


Started GET "/assets/jquery.js?body=1" for 127.4.253.1 at 2013-08-20 12:58:41 -0400


Started GET "/assets/application.js?body=1" for 127.4.253.1 at 2013-08-20 12:58:41 -0400


Started GET "/assets/application.css?body=1" for 127.4.253.1 at 2013-08-20 12:58:41 -0400


Started GET "/" for 127.4.253.1 at 2013-08-20 12:58:51 -0400
Processing by UsersController#index as HTML
  [1m[35mUser Load (0.4ms)[0m  SELECT "users".* FROM "users" WHERE "users"."id" = 1 ORDER BY "users"."id" ASC LIMIT 1
  [1m[36mUser Load (0.3ms)[0m  [1mSELECT "users".* FROM "users"[0m
  Rendered users/index.html.erb within layouts/application (2.1ms)
Completed 200 OK in 1254ms (Views: 1241.3ms | ActiveRecord: 0.7ms)


Started GET "/assets/application.js?body=1" for 127.4.253.1 at 2013-08-20 12:58:52 -0400


Started GET "/assets/turbolinks.js?body=1" for 127.4.253.1 at 2013-08-20 12:58:52 -0400


Started GET "/assets/jquery.js?body=1" for 127.4.253.1 at 2013-08-20 12:58:52 -0400


Started GET "/assets/application.css?body=1" for 127.4.253.1 at 2013-08-20 12:58:52 -0400


Started GET "/assets/jquery_ujs.js?body=1" for 127.4.253.1 at 2013-08-20 12:58:52 -0400


Started GET "/" for 127.4.253.1 at 2013-08-20 12:59:04 -0400
Processing by UsersController#index as HTML
  [1m[35mUser Load (0.4ms)[0m  SELECT "users".* FROM "users" WHERE "users"."id" = 1 ORDER BY "users"."id" ASC LIMIT 1
  [1m[36mUser Load (0.3ms)[0m  [1mSELECT "users".* FROM "users"[0m
  Rendered users/index.html.erb within layouts/application (1.9ms)
Completed 200 OK in 1222ms (Views: 1209.3ms | ActiveRecord: 0.7ms)


Started GET "/assets/application.css?body=1" for 127.4.253.1 at 2013-08-20 12:59:05 -0400


Started GET "/assets/jquery.js?body=1" for 127.4.253.1 at 2013-08-20 12:59:05 -0400


Started GET "/assets/turbolinks.js?body=1" for 127.4.253.1 at 2013-08-20 12:59:05 -0400


Started GET "/assets/application.js?body=1" for 127.4.253.1 at 2013-08-20 12:59:05 -0400


Started GET "/assets/jquery_ujs.js?body=1" for 127.4.253.1 at 2013-08-20 12:59:05 -0400


Started GET "/" for 127.4.253.1 at 2013-08-20 12:59:57 -0400
Processing by UsersController#index as HTML
  [1m[35mUser Load (0.3ms)[0m  SELECT "users".* FROM "users" WHERE "users"."id" = 1 ORDER BY "users"."id" ASC LIMIT 1
  [1m[36mUser Load (0.2ms)[0m  [1mSELECT "users".* FROM "users"[0m
  Rendered users/index.html.erb within layouts/application (46.7ms)
Completed 200 OK in 1261ms (Views: 1250.4ms | ActiveRecord: 0.5ms)


Started GET "/assets/jquery_ujs.js?body=1" for 127.4.253.1 at 2013-08-20 12:59:58 -0400


Started GET "/assets/turbolinks.js?body=1" for 127.4.253.1 at 2013-08-20 12:59:58 -0400


Started GET "/assets/jquery.js?body=1" for 127.4.253.1 at 2013-08-20 12:59:58 -0400


Started GET "/assets/application.js?body=1" for 127.4.253.1 at 2013-08-20 12:59:58 -0400


Started GET "/assets/application.css?body=1" for 127.4.253.1 at 2013-08-20 12:59:58 -0400


Started GET "/" for 127.4.253.1 at 2013-08-20 13:11:54 -0400
Processing by UsersController#index as */*
Completed 401 Unauthorized in 22ms


Started GET "/users/sign_in" for 127.4.253.1 at 2013-08-20 13:11:54 -0400
Processing by Devise::SessionsController#new as */*
  Rendered devise/shared/_links.erb (4.5ms)
  Rendered devise/sessions/new.html.erb within layouts/application (63.3ms)
Completed 200 OK in 130ms (Views: 114.2ms | ActiveRecord: 0.0ms)


Started GET "/" for 127.4.253.1 at 2013-08-20 13:11:54 -0400
Processing by UsersController#index as */*
Completed 401 Unauthorized in 52ms


Started GET "/users/sign_in" for 127.4.253.1 at 2013-08-20 13:11:54 -0400
Processing by Devise::SessionsController#new as */*
  Rendered devise/shared/_links.erb (0.6ms)
  Rendered devise/sessions/new.html.erb within layouts/application (190.5ms)
Completed 200 OK in 219ms (Views: 214.7ms | ActiveRecord: 0.0ms)
